<?xml version="1.0" encoding="UTF-8"?>
<!-- Generated by org.testng.reporters.JUnitReportReporter -->
<testsuite hostname="PC-f7ad11" failures="0" tests="9"
	name="admin.Customer" time="87.057" errors="0"
	timestamp="2023-09-23T14:34:05 IST" skipped="0">
	<testcase classname="admin.Customer" name="createcustomer"
		time="9.830" />
	<system-out />
	<testcase classname="admin.Customer" name="createcustomer"
		time="8.883" />
	<system-out />
	<testcase classname="admin.Customer" name="createcustomer"
		time="9.477" />
	<system-out />
	<testcase classname="admin.Customer" name="createcustomer"
		time="9.360" />
	<system-out />
	<testcase classname="admin.Customer" name="createcustomer"
		time="10.101" />
	<system-out />
	<testcase classname="admin.Customer" name="createcustomer"
		time="7.623" />
	<system-out />
	<testcase classname="admin.Customer" name="createcustomer"
		time="9.112" />
	<system-out />
	<testcase classname="admin.Customer" name="createcustomer"
		time="12.048" />
	<system-out />
	<testcase classname="admin.Customer" name="createcustomer"
		time="10.623" />
	<system-out />
</testsuite> <!-- admin.Customer -->
