<?xml version="1.0" encoding="UTF-8"?>
<!-- Generated by org.testng.reporters.JUnitReportReporter -->
<testsuite hostname="PC-f7ad11" failures="0" tests="1"
	name="user.Task" time="0.009" errors="0"
	timestamp="2023-09-12T12:30:47 IST" skipped="0">
	<testcase classname="user.Task" name="create_task"
		time="0.009" />
	<system-out />
</testsuite> <!-- user.Task -->
